#
# A fatal error has been detected by the Java Runtime Environment:
#
#  SIGBUS (0xa) at pc=0x00000001020a5db4, pid=1235, tid=0x0000000000005003
#
# JRE version: Java(TM) SE Runtime Environment (8.0_261-b12) (build 1.8.0_261-b12)
# Java VM: Java HotSpot(TM) 64-Bit Server VM (25.261-b12 mixed mode bsd-amd64 compressed oops)
# Problematic frame:
# V  [libjvm.dylib+0x2a5db4]  void PSParallelCompact::mark_and_push<unsigned int>(ParCompactionManager*, unsigned int*)+0x84
#
# Failed to write core dump. Core dumps have been disabled. To enable core dumping, try "ulimit -c unlimited" before starting Java again
#
# If you would like to submit a bug report, please visit:
#   http://bugreport.java.com/bugreport/crash.jsp
#

---------------  T H R E A D  ---------------

Current thread (0x00007fda81012000):  GCTaskThread [stack: 0x0000700006412000,0x0000700006512000] [id=20483]

siginfo: si_signo: 10 (SIGBUS), si_code: 2 (BUS_ADRERR), si_addr: 0x00000007d0011a68

Registers:
RAX=0x0000000102508318, RBX=0x0000000740522fd8, RCX=0x0000000000002903, RDX=0x00000000000a4501
RSP=0x0000700006511bc0, RBP=0x0000700006511be0, RSI=0x0000000740522fd4, RDI=0x00000007d0011a60
R8 =0x000000000000000a, R9 =0x000000010251e7db, R10=0x0000000105711000, R11=0x0100000000000001
R12=0x00007fda80102a20, R13=0x00000007c0119028, R14=0x00007fda80102a20, R15=0x0000000740522fc0
RIP=0x00000001020a5db4, EFLAGS=0x0000000000010206, ERR=0x0000000000000004
  TRAPNO=0x000000000000000e

Top of Stack: (sp=0x0000700006511bc0)
0x0000700006511bc0:   0000000000000001 0000000740522fd4
0x0000700006511bd0:   0000000740522fd8 0000000740522fc0
0x0000700006511be0:   0000700006511c30 00000001020a5ccf
0x0000700006511bf0:   00007fda80102a20 0000000741175560
0x0000700006511c00:   00000007c0119030 0000000102527be0
0x0000700006511c10:   00007fda80102a20 000000010251e7db
0x0000700006511c20:   000000010251e7d9 000000010251e7d9
0x0000700006511c30:   0000700006511ce0 00000001022c3db8
0x0000700006511c40:   00007fda80003c68 00007fda80102a60
0x0000700006511c50:   0000000740522fc0 00007fda80102a28
0x0000700006511c60:   0001480000000000 000000074089e830
0x0000700006511c70:   00007fda80102aa8 0000000000000004
0x0000700006511c80:   0000700006511cb0 00007fda80102ae0
0x0000700006511c90:   00000001024e7118 000000010253e818
0x0000700006511ca0:   0000700006511d88 0000000000000000
0x0000700006511cb0:   0000700006511ce0 00007fda80007de0
0x0000700006511cc0:   0000700006511d88 000000010240d6dc
0x0000700006511cd0:   00007fda80102a20 0000000000000001
0x0000700006511ce0:   0000700006511dc0 00000001022b527b
0x0000700006511cf0:   0000000000000000 00007fda80004c68
0x0000700006511d00:   0000700006511d60 00007fff78c4c7a7
0x0000700006511d10:   00007fda80307310 00007fda80004c68
0x0000700006511d20:   0000000000000000 00000000803072f0
0x0000700006511d30:   00007fda00000000 00007fda80004c68
0x0000700006511d40:   0000700006511d70 000000010226b6c6
0x0000700006511d50:   00007fda81012000 000000010226c2ab
0x0000700006511d60:   000000010251ea31 00007fda80307390
0x0000700006511d70:   00000001024e7148 00007fda80307200
0x0000700006511d80:   0000700006511d88 00000001024e7118
0x0000700006511d90:   0000700006511d00 00007fda80102a20
0x0000700006511da0:   00007fda81012000 00007fda80007de0
0x0000700006511db0:   0000000000000000 0000000000000001 

Instructions: (pc=0x00000001020a5db4)
0x00000001020a5d94:   00 8a 10 84 d2 74 15 8b 7b 08 48 8d 05 73 25 46
0x00000001020a5da4:   00 8a 48 08 48 d3 e7 48 03 38 eb 04 48 8b 7b 08
0x00000001020a5db4:   8b 47 08 85 c0 7e 09 a8 01 75 07 c1 e8 03 eb 4e
0x00000001020a5dc4:   78 0e 48 8b 07 48 89 de ff 90 e8 00 00 00 eb 3e 

Register to memory mapping:

RAX=0x0000000102508318: _ZN8Universe13_narrow_klassE+0 in /Library/Java/JavaVirtualMachines/jdk1.8.0_261.jdk/Contents/Home/jre/lib/server/libjvm.dylib at 0x0000000101e00000
RBX=
[error occurred during error reporting (printing register info), id 0xa]

Stack: [0x0000700006412000,0x0000700006512000],  sp=0x0000700006511bc0,  free space=1022k
Native frames: (J=compiled Java code, j=interpreted, Vv=VM code, C=native code)
V  [libjvm.dylib+0x2a5db4]  void PSParallelCompact::mark_and_push<unsigned int>(ParCompactionManager*, unsigned int*)+0x84
V  [libjvm.dylib+0x2a5ccf]  InstanceKlass::oop_follow_contents(ParCompactionManager*, oopDesc*)+0xbf
V  [libjvm.dylib+0x4c3db8]  ParCompactionManager::follow_marking_stacks()+0x174
V  [libjvm.dylib+0x4b527b]  MarkFromRootsTask::do_it(GCTaskManager*, unsigned int)+0x197
V  [libjvm.dylib+0x2622d4]  GCTaskThread::run()+0x130
V  [libjvm.dylib+0x48e895]  java_start(Thread*)+0xfa
C  [libsystem_pthread.dylib+0x3661]  _pthread_body+0x154
C  [libsystem_pthread.dylib+0x350d]  _pthread_body+0x0
C  [libsystem_pthread.dylib+0x2bf9]  thread_start+0xd


---------------  P R O C E S S  ---------------

Java Threads: ( => current thread )
  0x00007fda8120a800 JavaThread "com.google.inject.internal.util.$Finalizer" daemon [_thread_blocked, id=22275, stack(0x000070000733f000,0x000070000743f000)]
  0x00007fda8199f000 JavaThread "EMF Reference Cleaner" daemon [_thread_blocked, id=43267, stack(0x000070000723c000,0x000070000733c000)]
  0x00007fda82011000 JavaThread "Service Thread" daemon [_thread_blocked, id=14851, stack(0x0000700007036000,0x0000700007136000)]
  0x00007fda7f00b800 JavaThread "C1 CompilerThread3" daemon [_thread_blocked, id=14339, stack(0x0000700006f33000,0x0000700007033000)]
  0x00007fda7f00b000 JavaThread "C2 CompilerThread2" daemon [_thread_blocked, id=15619, stack(0x0000700006e30000,0x0000700006f30000)]
  0x00007fda7f00a000 JavaThread "C2 CompilerThread1" daemon [_thread_blocked, id=13571, stack(0x0000700006d2d000,0x0000700006e2d000)]
  0x00007fda7f008800 JavaThread "C2 CompilerThread0" daemon [_thread_in_native, id=15875, stack(0x0000700006c2a000,0x0000700006d2a000)]
  0x00007fda7f833000 JavaThread "Signal Dispatcher" daemon [_thread_blocked, id=16135, stack(0x0000700006b27000,0x0000700006c27000)]
  0x00007fda81810800 JavaThread "Finalizer" daemon [_thread_blocked, id=18179, stack(0x0000700006a24000,0x0000700006b24000)]
  0x00007fda8281a000 JavaThread "Reference Handler" daemon [_thread_blocked, id=18691, stack(0x0000700006921000,0x0000700006a21000)]
  0x00007fda7f800800 JavaThread "main" [_thread_blocked, id=9475, stack(0x0000700005f03000,0x0000700006003000)]

Other Threads:
  0x00007fda82010800 VMThread [stack: 0x000070000681e000,0x000070000691e000] [id=19203]
  0x00007fda80811800 WatcherThread [stack: 0x0000700007139000,0x0000700007239000] [id=15363]

=>0x00007fda81012000 (exited) GCTaskThread [stack: 0x0000700006412000,0x0000700006512000] [id=20483]

VM state:at safepoint (normal execution)

VM Mutex/Monitor currently owned by a thread:  ([mutex/lock_event])
[0x00007fda80301ce0] Threads_lock - owner thread: 0x00007fda82010800
[0x00007fda803021e0] Heap_lock - owner thread: 0x00007fda7f800800

heap address: 0x0000000740000000, size: 2048 MB, Compressed Oops mode: Zero based, Oop shift amount: 3
Narrow klass base: 0x0000000000000000, Narrow klass shift: 3
Compressed class space size: 1073741824 Address: 0x00000007c0000000

Heap:
 PSYoungGen      total 667136K, used 31723K [0x0000000795580000, 0x00000007c0000000, 0x00000007c0000000)
  eden space 635392K, 0% used [0x0000000795580000,0x0000000795580000,0x00000007bc200000)
  from space 31744K, 99% used [0x00000007bc200000,0x00000007be0faee8,0x00000007be100000)
  to   space 31744K, 0% used [0x00000007be100000,0x00000007be100000,0x00000007c0000000)
 ParOldGen       total 105984K, used 104063K [0x0000000740000000, 0x0000000746780000, 0x0000000795580000)
  object space 105984K, 98% used [0x0000000740000000,0x000000074659fc30,0x0000000746780000)
 Metaspace       used 34312K, capacity 34701K, committed 35200K, reserved 1081344K
  class space    used 3758K, capacity 3856K, committed 3968K, reserved 1048576K

Card table byte_map: [0x0000000103065000,0x0000000103466000] byte_map_base: 0x00000000ff665000

Marking Bits: (ParMarkBitMap*) 0x0000000102528748
 Begin Bits: [0x0000000103711000, 0x0000000105711000)
 End Bits:   [0x0000000105711000, 0x0000000107711000)

Polling page: 0x0000000100dfc000

CodeCache: size=245760Kb used=39686Kb max_used=39763Kb free=206073Kb
 bounds [0x0000000110331000, 0x0000000112a41000, 0x000000011f331000]
 total_blobs=7989 nmethods=7589 adapters=311
 compilation: enabled

Compilation events (10 events):
Event: 65.509 Thread 0x00007fda7f00a000 nmethod 10183 0x000000011088ba10 code [0x000000011088bb80, 0x000000011088be98]
Event: 65.509 Thread 0x00007fda7f00b000 10184   !   4       org.antlr.stringtemplate.StringTemplateGroup::getStringTemplateWriter (87 bytes)
Event: 65.511 Thread 0x00007fda7f00b800 10185       3       org.antlr.tool.Rule::getHasReturnValue (53 bytes)
Event: 65.512 Thread 0x00007fda7f00a000 10186       4       java.io.StringWriter::write (10 bytes)
Event: 65.513 Thread 0x00007fda7f00b800 nmethod 10185 0x0000000110ccd050 code [0x0000000110ccd260, 0x0000000110ccde38]
Event: 65.521 Thread 0x00007fda7f00a000 nmethod 10186 0x0000000111973e50 code [0x0000000111973fe0, 0x0000000111974748]
Event: 65.527 Thread 0x00007fda7f00b000 nmethod 10184 0x000000011156f3d0 code [0x000000011156f5a0, 0x00000001115700f8]
Event: 65.571 Thread 0x00007fda7f00b800 10187   !   3       sun.reflect.GeneratedMethodAccessor32::invoke (68 bytes)
Event: 65.571 Thread 0x00007fda7f00b800 nmethod 10187 0x00000001113931d0 code [0x00000001113933e0, 0x0000000111393b18]
Event: 65.616 Thread 0x00007fda7f00a000 10188       4       org.antlr.stringtemplate.language.AngleBracketTemplateLexer::<init> (32 bytes)

GC Heap History (10 events):
Event: 49.205 GC heap after
Heap after GC invocations=22 (full 1):
 PSYoungGen      total 589824K, used 18803K [0x0000000795580000, 0x00000007be800000, 0x00000007c0000000)
  eden space 568832K, 0% used [0x0000000795580000,0x0000000795580000,0x00000007b8100000)
  from space 20992K, 89% used [0x00000007b8100000,0x00000007b935cf90,0x00000007b9580000)
  to   space 22528K, 0% used [0x00000007bd200000,0x00000007bd200000,0x00000007be800000)
 ParOldGen       total 86528K, used 47528K [0x0000000740000000, 0x0000000745480000, 0x0000000795580000)
  object space 86528K, 54% used [0x0000000740000000,0x0000000742e6a0b0,0x0000000745480000)
 Metaspace       used 30713K, capacity 30985K, committed 31360K, reserved 1077248K
  class space    used 3558K, capacity 3637K, committed 3712K, reserved 1048576K
}
Event: 53.095 GC heap before
{Heap before GC invocations=23 (full 1):
 PSYoungGen      total 589824K, used 587635K [0x0000000795580000, 0x00000007be800000, 0x00000007c0000000)
  eden space 568832K, 100% used [0x0000000795580000,0x00000007b8100000,0x00000007b8100000)
  from space 20992K, 89% used [0x00000007b8100000,0x00000007b935cf90,0x00000007b9580000)
  to   space 22528K, 0% used [0x00000007bd200000,0x00000007bd200000,0x00000007be800000)
 ParOldGen       total 86528K, used 47528K [0x0000000740000000, 0x0000000745480000, 0x0000000795580000)
  object space 86528K, 54% used [0x0000000740000000,0x0000000742e6a0b0,0x0000000745480000)
 Metaspace       used 30768K, capacity 31049K, committed 31360K, reserved 1077248K
  class space    used 3562K, capacity 3637K, committed 3712K, reserved 1048576K
Event: 53.129 GC heap after
Heap after GC invocations=23 (full 1):
 PSYoungGen      total 650752K, used 18549K [0x0000000795580000, 0x00000007beb80000, 0x00000007c0000000)
  eden space 628224K, 0% used [0x0000000795580000,0x0000000795580000,0x00000007bbb00000)
  from space 22528K, 82% used [0x00000007bd200000,0x00000007be41d760,0x00000007be800000)
  to   space 23552K, 0% used [0x00000007bbb00000,0x00000007bbb00000,0x00000007bd200000)
 ParOldGen       total 86528K, used 47536K [0x0000000740000000, 0x0000000745480000, 0x0000000795580000)
  object space 86528K, 54% used [0x0000000740000000,0x0000000742e6c0b0,0x0000000745480000)
 Metaspace       used 30768K, capacity 31049K, committed 31360K, reserved 1077248K
  class space    used 3562K, capacity 3637K, committed 3712K, reserved 1048576K
}
Event: 55.656 GC heap before
{Heap before GC invocations=24 (full 1):
 PSYoungGen      total 650752K, used 646773K [0x0000000795580000, 0x00000007beb80000, 0x00000007c0000000)
  eden space 628224K, 100% used [0x0000000795580000,0x00000007bbb00000,0x00000007bbb00000)
  from space 22528K, 82% used [0x00000007bd200000,0x00000007be41d760,0x00000007be800000)
  to   space 23552K, 0% used [0x00000007bbb00000,0x00000007bbb00000,0x00000007bd200000)
 ParOldGen       total 86528K, used 47536K [0x0000000740000000, 0x0000000745480000, 0x0000000795580000)
  object space 86528K, 54% used [0x0000000740000000,0x0000000742e6c0b0,0x0000000745480000)
 Metaspace       used 30798K, capacity 31113K, committed 31360K, reserved 1077248K
  class space    used 3562K, capacity 3637K, committed 3712K, reserved 1048576K
Event: 55.676 GC heap after
Heap after GC invocations=24 (full 1):
 PSYoungGen      total 651776K, used 18757K [0x0000000795580000, 0x00000007c0000000, 0x00000007c0000000)
  eden space 628224K, 0% used [0x0000000795580000,0x0000000795580000,0x00000007bbb00000)
  from space 23552K, 79% used [0x00000007bbb00000,0x00000007bcd51468,0x00000007bd200000)
  to   space 24064K, 0% used [0x00000007be880000,0x00000007be880000,0x00000007c0000000)
 ParOldGen       total 86528K, used 47544K [0x0000000740000000, 0x0000000745480000, 0x0000000795580000)
  object space 86528K, 54% used [0x0000000740000000,0x0000000742e6e0b0,0x0000000745480000)
 Metaspace       used 30798K, capacity 31113K, committed 31360K, reserved 1077248K
  class space    used 3562K, capacity 3637K, committed 3712K, reserved 1048576K
}
Event: 62.252 GC heap before
{Heap before GC invocations=25 (full 1):
 PSYoungGen      total 651776K, used 646981K [0x0000000795580000, 0x00000007c0000000, 0x00000007c0000000)
  eden space 628224K, 100% used [0x0000000795580000,0x00000007bbb00000,0x00000007bbb00000)
  from space 23552K, 79% used [0x00000007bbb00000,0x00000007bcd51468,0x00000007bd200000)
  to   space 24064K, 0% used [0x00000007be880000,0x00000007be880000,0x00000007c0000000)
 ParOldGen       total 86528K, used 47544K [0x0000000740000000, 0x0000000745480000, 0x0000000795580000)
  object space 86528K, 54% used [0x0000000740000000,0x0000000742e6e0b0,0x0000000745480000)
 Metaspace       used 34169K, capacity 34567K, committed 34944K, reserved 1081344K
  class space    used 3756K, capacity 3855K, committed 3968K, reserved 1048576K
Event: 62.287 GC heap after
Heap after GC invocations=25 (full 1):
 PSYoungGen      total 659456K, used 24055K [0x0000000795580000, 0x00000007c0000000, 0x00000007c0000000)
  eden space 635392K, 0% used [0x0000000795580000,0x0000000795580000,0x00000007bc200000)
  from space 24064K, 99% used [0x00000007be880000,0x00000007bfffdd30,0x00000007c0000000)
  to   space 31744K, 0% used [0x00000007bc200000,0x00000007bc200000,0x00000007be100000)
 ParOldGen       total 86528K, used 60549K [0x0000000740000000, 0x0000000745480000, 0x0000000795580000)
  object space 86528K, 69% used [0x0000000740000000,0x0000000743b21758,0x0000000745480000)
 Metaspace       used 34169K, capacity 34567K, committed 34944K, reserved 1081344K
  class space    used 3756K, capacity 3855K, committed 3968K, reserved 1048576K
}
Event: 65.618 GC heap before
{Heap before GC invocations=26 (full 1):
 PSYoungGen      total 659456K, used 659447K [0x0000000795580000, 0x00000007c0000000, 0x00000007c0000000)
  eden space 635392K, 100% used [0x0000000795580000,0x00000007bc200000,0x00000007bc200000)
  from space 24064K, 99% used [0x00000007be880000,0x00000007bfffdd30,0x00000007c0000000)
  to   space 31744K, 0% used [0x00000007bc200000,0x00000007bc200000,0x00000007be100000)
 ParOldGen       total 86528K, used 60549K [0x0000000740000000, 0x0000000745480000, 0x0000000795580000)
  object space 86528K, 69% used [0x0000000740000000,0x0000000743b21758,0x0000000745480000)
 Metaspace       used 34312K, capacity 34701K, committed 35200K, reserved 1081344K
  class space    used 3758K, capacity 3856K, committed 3968K, reserved 1048576K
Event: 65.728 GC heap after
Heap after GC invocations=26 (full 1):
 PSYoungGen      total 667136K, used 31723K [0x0000000795580000, 0x00000007c0000000, 0x00000007c0000000)
  eden space 635392K, 0% used [0x0000000795580000,0x0000000795580000,0x00000007bc200000)
  from space 31744K, 99% used [0x00000007bc200000,0x00000007be0faee8,0x00000007be100000)
  to   space 31744K, 0% used [0x00000007be100000,0x00000007be100000,0x00000007c0000000)
 ParOldGen       total 105984K, used 104063K [0x0000000740000000, 0x0000000746780000, 0x0000000795580000)
  object space 105984K, 98% used [0x0000000740000000,0x000000074659fc30,0x0000000746780000)
 Metaspace       used 34312K, capacity 34701K, committed 35200K, reserved 1081344K
  class space    used 3758K, capacity 3856K, committed 3968K, reserved 1048576K
}
Event: 65.728 GC heap before
{Heap before GC invocations=27 (full 2):
 PSYoungGen      total 667136K, used 31723K [0x0000000795580000, 0x00000007c0000000, 0x00000007c0000000)
  eden space 635392K, 0% used [0x0000000795580000,0x0000000795580000,0x00000007bc200000)
  from space 31744K, 99% used [0x00000007bc200000,0x00000007be0faee8,0x00000007be100000)
  to   space 31744K, 0% used [0x00000007be100000,0x00000007be100000,0x00000007c0000000)
 ParOldGen       total 105984K, used 104063K [0x0000000740000000, 0x0000000746780000, 0x0000000795580000)
  object space 105984K, 98% used [0x0000000740000000,0x000000074659fc30,0x0000000746780000)
 Metaspace       used 34312K, capacity 34701K, committed 35200K, reserved 1081344K
  class space    used 3758K, capacity 3856K, committed 3968K, reserved 1048576K

Deoptimization events (10 events):
Event: 62.697 Thread 0x00007fda7f800800 Uncommon trap: reason=class_check action=maybe_recompile pc=0x00000001122e2d38 method=org.eclipse.xtend2.lib.StringConcatenation.getStringRepresentation(Ljava/lang/Object;)Ljava/lang/String; @ 1
Event: 62.697 Thread 0x00007fda7f800800 Uncommon trap: reason=class_check action=maybe_recompile pc=0x00000001122e2d38 method=org.eclipse.xtend2.lib.StringConcatenation.getStringRepresentation(Ljava/lang/Object;)Ljava/lang/String; @ 1
Event: 62.697 Thread 0x00007fda7f800800 Uncommon trap: reason=class_check action=maybe_recompile pc=0x00000001122e2d38 method=org.eclipse.xtend2.lib.StringConcatenation.getStringRepresentation(Ljava/lang/Object;)Ljava/lang/String; @ 1
Event: 63.610 Thread 0x00007fda7f800800 Uncommon trap: reason=unstable_if action=reinterpret pc=0x000000011161e540 method=java.util.HashMap$TreeNode.split(Ljava/util/HashMap;[Ljava/util/HashMap$Node;II)V @ 140
Event: 64.295 Thread 0x00007fda7f800800 Uncommon trap: reason=bimorphic action=maybe_recompile pc=0x00000001125be198 method=org.antlr.analysis.LL1Analyzer._detectConfoundingPredicates(Lorg/antlr/analysis/NFAState;Lorg/antlr/tool/Rule;Z)I @ 72
Event: 64.295 Thread 0x00007fda7f800800 Uncommon trap: reason=bimorphic action=maybe_recompile pc=0x00000001125be198 method=org.antlr.analysis.LL1Analyzer._detectConfoundingPredicates(Lorg/antlr/analysis/NFAState;Lorg/antlr/tool/Rule;Z)I @ 72
Event: 64.296 Thread 0x00007fda7f800800 Uncommon trap: reason=bimorphic action=maybe_recompile pc=0x00000001125be198 method=org.antlr.analysis.LL1Analyzer._detectConfoundingPredicates(Lorg/antlr/analysis/NFAState;Lorg/antlr/tool/Rule;Z)I @ 72
Event: 64.296 Thread 0x00007fda7f800800 Uncommon trap: reason=bimorphic action=maybe_recompile pc=0x00000001125be198 method=org.antlr.analysis.LL1Analyzer._detectConfoundingPredicates(Lorg/antlr/analysis/NFAState;Lorg/antlr/tool/Rule;Z)I @ 72
Event: 64.698 Thread 0x00007fda7f800800 Uncommon trap: reason=class_check action=maybe_recompile pc=0x00000001127401c0 method=org.antlr.stringtemplate.language.ActionEvaluator.argList(Lantlr/collections/AST;Lorg/antlr/stringtemplate/StringTemplate;Ljava/util/Map;)Ljava/util/Map; @ 119
Event: 64.698 Thread 0x00007fda7f800800 Uncommon trap: reason=class_check action=maybe_recompile pc=0x00000001126e7cc8 method=org.antlr.stringtemplate.language.ASTExpr.writeIterableValue(Lorg/antlr/stringtemplate/StringTemplate;Ljava/lang/Object;Lorg/antlr/stringtemplate/StringTemplateWriter;)I

Classes redefined (0 events):
No events

Internal exceptions (10 events):
Event: 45.826 Thread 0x00007fda7f800800 Implicit null exception at 0x0000000111d29dbc to 0x0000000111d2a86d
Event: 56.148 Thread 0x00007fda7f800800 Implicit null exception at 0x00000001112e6310 to 0x00000001112e6335
Event: 57.027 Thread 0x00007fda7f800800 Implicit null exception at 0x00000001109115cc to 0x0000000110911d75
Event: 57.967 Thread 0x00007fda7f800800 Implicit null exception at 0x0000000111460d90 to 0x0000000111460dcd
Event: 58.005 Thread 0x00007fda7f800800 Implicit null exception at 0x00000001111df790 to 0x00000001111df7a1
Event: 60.188 Thread 0x00007fda7f800800 Implicit null exception at 0x00000001127eacd0 to 0x00000001127eb529
Event: 60.197 Thread 0x00007fda7f800800 Implicit null exception at 0x00000001126d87d6 to 0x00000001126d9071
Event: 60.410 Thread 0x00007fda7f800800 Implicit null exception at 0x00000001125fcaf8 to 0x00000001125ffa21
Event: 60.518 Thread 0x00007fda7f800800 Implicit null exception at 0x00000001126e0bf5 to 0x00000001126e1401
Event: 62.390 Thread 0x00007fda7f800800 Implicit null exception at 0x0000000111ac3bdc to 0x0000000111acb2cd

Events (10 events):
Event: 64.350 Thread 0x00007fda7f00b800 flushing nmethod 0x00000001125b0810
Event: 64.350 Thread 0x00007fda7f00b800 flushing nmethod 0x00000001125b4c50
Event: 64.350 Thread 0x00007fda7f00b800 flushing nmethod 0x00000001125b8290
Event: 64.698 Thread 0x00007fda7f800800 Uncommon trap: trap_request=0xffffffde fr.pc=0x00000001127401c0
Event: 64.698 Thread 0x00007fda7f800800 DEOPT PACKING pc=0x00000001127401c0 sp=0x00007000060010d0
Event: 64.698 Thread 0x00007fda7f800800 DEOPT UNPACKING pc=0x000000011037673a sp=0x0000700006000fe0 mode 2
Event: 64.698 Thread 0x00007fda7f800800 Uncommon trap: trap_request=0xffffffde fr.pc=0x00000001126e7cc8
Event: 64.698 Thread 0x00007fda7f800800 DEOPT PACKING pc=0x00000001126e7cc8 sp=0x0000700006000df0
Event: 64.698 Thread 0x00007fda7f800800 DEOPT UNPACKING pc=0x000000011037673a sp=0x0000700006000da0 mode 2
Event: 65.618 Executing VM operation: ParallelGCFailedAllocation


Dynamic libraries:
0x00007fff50147000 	/System/Library/Frameworks/Cocoa.framework/Versions/A/Cocoa
0x00007fff5c788000 	/System/Library/Frameworks/Security.framework/Versions/A/Security
0x00007fff4ed89000 	/System/Library/Frameworks/ApplicationServices.framework/Versions/A/ApplicationServices
0x00007fff7871a000 	/usr/lib/libz.1.dylib
0x00007fff765cc000 	/usr/lib/libSystem.B.dylib
0x00007fff50908000 	/System/Library/Frameworks/CoreFoundation.framework/Versions/A/CoreFoundation
0x00007fff52a80000 	/System/Library/Frameworks/Foundation.framework/Versions/C/Foundation
0x00007fff77d07000 	/usr/lib/libobjc.A.dylib
0x00007fff4ded9000 	/System/Library/Frameworks/AppKit.framework/Versions/C/AppKit
0x00007fff504bf000 	/System/Library/Frameworks/CoreData.framework/Versions/A/CoreData
0x00007fff6fe8a000 	/System/Library/PrivateFrameworks/RemoteViewServices.framework/Versions/A/RemoteViewServices
0x00007fff745fe000 	/System/Library/PrivateFrameworks/UIFoundation.framework/Versions/A/UIFoundation
0x00007fff64c9d000 	/System/Library/PrivateFrameworks/DFRFoundation.framework/Versions/A/DFRFoundation
0x00007fff550ef000 	/System/Library/Frameworks/Metal.framework/Versions/A/Metal
0x00007fff64e3a000 	/System/Library/PrivateFrameworks/DesktopServicesPriv.framework/Versions/A/DesktopServicesPriv
0x00007fff77254000 	/usr/lib/libenergytrace.dylib
0x00007fff7266a000 	/System/Library/PrivateFrameworks/SkyLight.framework/Versions/A/SkyLight
0x00007fff50da4000 	/System/Library/Frameworks/CoreGraphics.framework/Versions/A/CoreGraphics
0x00007fff765c7000 	/usr/lib/libScreenReader.dylib
0x00007fff4cbeb000 	/System/Library/Frameworks/Accelerate.framework/Versions/A/Accelerate
0x00007fff531fa000 	/System/Library/Frameworks/IOSurface.framework/Versions/A/IOSurface
0x00007fff4f2d3000 	/System/Library/Frameworks/AudioToolbox.framework/Versions/A/AudioToolbox
0x00007fff4f563000 	/System/Library/Frameworks/AudioUnit.framework/Versions/A/AudioUnit
0x00007fff64d35000 	/System/Library/PrivateFrameworks/DataDetectorsCore.framework/Versions/A/DataDetectorsCore
0x00007fff4fc3a000 	/System/Library/Frameworks/Carbon.framework/Versions/A/Frameworks/HIToolbox.framework/Versions/A/HIToolbox
0x00007fff773ae000 	/usr/lib/libicucore.A.dylib
0x00007fff5bd07000 	/System/Library/Frameworks/QuartzCore.framework/Versions/A/QuartzCore
0x00007fff7190c000 	/System/Library/PrivateFrameworks/SignpostNotification.framework/Versions/A/SignpostNotification
0x00007fff50020000 	/System/Library/Frameworks/Carbon.framework/Versions/A/Frameworks/SpeechRecognition.framework/Versions/A/SpeechRecognition
0x00007fff767aa000 	/usr/lib/libauto.dylib
0x00007fff78609000 	/usr/lib/libxml2.2.dylib
0x00007fff648ed000 	/System/Library/PrivateFrameworks/CoreUI.framework/Versions/A/CoreUI
0x00007fff5039b000 	/System/Library/Frameworks/CoreAudio.framework/Versions/A/CoreAudio
0x00007fff528ba000 	/System/Library/Frameworks/DiskArbitration.framework/Versions/A/DiskArbitration
0x00007fff77622000 	/usr/lib/liblangid.dylib
0x00007fff6c395000 	/System/Library/PrivateFrameworks/MultitouchSupport.framework/Versions/A/MultitouchSupport
0x00007fff5315d000 	/System/Library/Frameworks/IOKit.framework/Versions/A/IOKit
0x00007fff76256000 	/usr/lib/libDiagnosticMessagesClient.dylib
0x00007fff51a98000 	/System/Library/Frameworks/CoreServices.framework/Versions/A/CoreServices
0x00007fff6dec6000 	/System/Library/PrivateFrameworks/PerformanceAnalysis.framework/Versions/A/PerformanceAnalysis
0x00007fff5aea9000 	/System/Library/Frameworks/OpenGL.framework/Versions/A/OpenGL
0x00007fff50155000 	/System/Library/Frameworks/ColorSync.framework/Versions/A/ColorSync
0x00007fff513d4000 	/System/Library/Frameworks/CoreImage.framework/Versions/A/CoreImage
0x00007fff52428000 	/System/Library/Frameworks/CoreText.framework/Versions/A/CoreText
0x00007fff53258000 	/System/Library/Frameworks/ImageIO.framework/Versions/A/ImageIO
0x00007fff61599000 	/System/Library/PrivateFrameworks/Backup.framework/Versions/A/Backup
0x00007fff76678000 	/usr/lib/libarchive.2.dylib
0x00007fff4f886000 	/System/Library/Frameworks/CFNetwork.framework/Versions/A/CFNetwork
0x00007fff5cf1b000 	/System/Library/Frameworks/SystemConfiguration.framework/Versions/A/SystemConfiguration
0x00007fff7617f000 	/usr/lib/libCRFSuite.dylib
0x00007fff76883000 	/usr/lib/libc++.1.dylib
0x00007fff768da000 	/usr/lib/libc++abi.dylib
0x00007fff787c8000 	/usr/lib/system/libcache.dylib
0x00007fff787cd000 	/usr/lib/system/libcommonCrypto.dylib
0x00007fff787d8000 	/usr/lib/system/libcompiler_rt.dylib
0x00007fff787e0000 	/usr/lib/system/libcopyfile.dylib
0x00007fff787ea000 	/usr/lib/system/libcorecrypto.dylib
0x00007fff788f7000 	/usr/lib/system/libdispatch.dylib
0x00007fff78931000 	/usr/lib/system/libdyld.dylib
0x00007fff7894f000 	/usr/lib/system/libkeymgr.dylib
0x00007fff7895d000 	/usr/lib/system/liblaunch.dylib
0x00007fff7895e000 	/usr/lib/system/libmacho.dylib
0x00007fff78963000 	/usr/lib/system/libquarantine.dylib
0x00007fff78966000 	/usr/lib/system/libremovefile.dylib
0x00007fff78968000 	/usr/lib/system/libsystem_asl.dylib
0x00007fff78980000 	/usr/lib/system/libsystem_blocks.dylib
0x00007fff78981000 	/usr/lib/system/libsystem_c.dylib
0x00007fff78a0b000 	/usr/lib/system/libsystem_configuration.dylib
0x00007fff78a0f000 	/usr/lib/system/libsystem_coreservices.dylib
0x00007fff78a13000 	/usr/lib/system/libsystem_darwin.dylib
0x00007fff78a15000 	/usr/lib/system/libsystem_dnssd.dylib
0x00007fff78a1c000 	/usr/lib/system/libsystem_info.dylib
0x00007fff78a8d000 	/usr/lib/system/libsystem_m.dylib
0x00007fff78ad9000 	/usr/lib/system/libsystem_malloc.dylib
0x00007fff78af9000 	/usr/lib/system/libsystem_network.dylib
0x00007fff78c2a000 	/usr/lib/system/libsystem_networkextension.dylib
0x00007fff78c35000 	/usr/lib/system/libsystem_notify.dylib
0x00007fff78c53000 	/usr/lib/system/libsystem_sandbox.dylib
0x00007fff78c57000 	/usr/lib/system/libsystem_secinit.dylib
0x00007fff78a66000 	/usr/lib/system/libsystem_kernel.dylib
0x00007fff78c3f000 	/usr/lib/system/libsystem_platform.dylib
0x00007fff78c47000 	/usr/lib/system/libsystem_pthread.dylib
0x00007fff78c59000 	/usr/lib/system/libsystem_symptoms.dylib
0x00007fff78c61000 	/usr/lib/system/libsystem_trace.dylib
0x00007fff78c76000 	/usr/lib/system/libunwind.dylib
0x00007fff78c7c000 	/usr/lib/system/libxpc.dylib
0x00007fff76092000 	/usr/lib/closure/libclosured.dylib
0x00007fff76864000 	/usr/lib/libbsm.0.dylib
0x00007fff78950000 	/usr/lib/system/libkxld.dylib
0x00007fff76490000 	/usr/lib/libOpenScriptingUtil.dylib
0x00007fff76bd3000 	/usr/lib/libcoretls.dylib
0x00007fff76bec000 	/usr/lib/libcoretls_cfhelpers.dylib
0x00007fff7810b000 	/usr/lib/libpam.2.dylib
0x00007fff78232000 	/usr/lib/libsqlite3.dylib
0x00007fff785f8000 	/usr/lib/libxar.1.dylib
0x00007fff76875000 	/usr/lib/libbz2.1.0.dylib
0x00007fff77624000 	/usr/lib/liblzma.5.dylib
0x00007fff77b05000 	/usr/lib/libnetwork.dylib
0x00007fff76661000 	/usr/lib/libapple_nghttp2.dylib
0x00007fff78112000 	/usr/lib/libpcap.A.dylib
0x00007fff767ab000 	/usr/lib/libboringssl.dylib
0x00007fff78593000 	/usr/lib/libusrtcp.dylib
0x00007fff76660000 	/usr/lib/libapple_crypto.dylib
0x00007fff51e1b000 	/System/Library/Frameworks/CoreServices.framework/Versions/A/Frameworks/FSEvents.framework/Versions/A/FSEvents
0x00007fff51b0e000 	/System/Library/Frameworks/CoreServices.framework/Versions/A/Frameworks/CarbonCore.framework/Versions/A/CarbonCore
0x00007fff51fe2000 	/System/Library/Frameworks/CoreServices.framework/Versions/A/Frameworks/Metadata.framework/Versions/A/Metadata
0x00007fff52093000 	/System/Library/Frameworks/CoreServices.framework/Versions/A/Frameworks/OSServices.framework/Versions/A/OSServices
0x00007fff520f4000 	/System/Library/Frameworks/CoreServices.framework/Versions/A/Frameworks/SearchKit.framework/Versions/A/SearchKit
0x00007fff51a99000 	/System/Library/Frameworks/CoreServices.framework/Versions/A/Frameworks/AE.framework/Versions/A/AE
0x00007fff51e24000 	/System/Library/Frameworks/CoreServices.framework/Versions/A/Frameworks/LaunchServices.framework/Versions/A/LaunchServices
0x00007fff51de6000 	/System/Library/Frameworks/CoreServices.framework/Versions/A/Frameworks/DictionaryServices.framework/Versions/A/DictionaryServices
0x00007fff52163000 	/System/Library/Frameworks/CoreServices.framework/Versions/A/Frameworks/SharedFileList.framework/Versions/A/SharedFileList
0x00007fff56325000 	/System/Library/Frameworks/NetFS.framework/Versions/A/NetFS
0x00007fff6c626000 	/System/Library/PrivateFrameworks/NetAuth.framework/Versions/A/NetAuth
0x00007fff75f29000 	/System/Library/PrivateFrameworks/login.framework/Versions/A/Frameworks/loginsupport.framework/Versions/A/loginsupport
0x00007fff7427b000 	/System/Library/PrivateFrameworks/TCC.framework/Versions/A/TCC
0x00007fff77705000 	/usr/lib/libmecabra.dylib
0x00007fff4ed8a000 	/System/Library/Frameworks/ApplicationServices.framework/Versions/A/Frameworks/ATS.framework/Versions/A/ATS
0x00007fff4f138000 	/System/Library/Frameworks/ApplicationServices.framework/Versions/A/Frameworks/ColorSyncLegacy.framework/Versions/A/ColorSyncLegacy
0x00007fff4f1dc000 	/System/Library/Frameworks/ApplicationServices.framework/Versions/A/Frameworks/HIServices.framework/Versions/A/HIServices
0x00007fff4f22f000 	/System/Library/Frameworks/ApplicationServices.framework/Versions/A/Frameworks/LangAnalysis.framework/Versions/A/LangAnalysis
0x00007fff4f23e000 	/System/Library/Frameworks/ApplicationServices.framework/Versions/A/Frameworks/PrintCore.framework/Versions/A/PrintCore
0x00007fff4f28b000 	/System/Library/Frameworks/ApplicationServices.framework/Versions/A/Frameworks/QD.framework/Versions/A/QD
0x00007fff4f2c6000 	/System/Library/Frameworks/ApplicationServices.framework/Versions/A/Frameworks/SpeechSynthesis.framework/Versions/A/SpeechSynthesis
0x00007fff50824000 	/System/Library/Frameworks/CoreDisplay.framework/Versions/A/CoreDisplay
0x00007fff4cc04000 	/System/Library/Frameworks/Accelerate.framework/Versions/A/Frameworks/vImage.framework/Versions/A/vImage
0x00007fff4dbe5000 	/System/Library/Frameworks/Accelerate.framework/Versions/A/Frameworks/vecLib.framework/Versions/A/vecLib
0x00007fff4d9ba000 	/System/Library/Frameworks/Accelerate.framework/Versions/A/Frameworks/vecLib.framework/Versions/A/libvDSP.dylib
0x00007fff4d4f4000 	/System/Library/Frameworks/Accelerate.framework/Versions/A/Frameworks/vecLib.framework/Versions/A/libBNNS.dylib
0x00007fff4d920000 	/System/Library/Frameworks/Accelerate.framework/Versions/A/Frameworks/vecLib.framework/Versions/A/libQuadrature.dylib
0x00007fff4db2e000 	/System/Library/Frameworks/Accelerate.framework/Versions/A/Frameworks/vecLib.framework/Versions/A/libvMisc.dylib
0x00007fff4d52f000 	/System/Library/Frameworks/Accelerate.framework/Versions/A/Frameworks/vecLib.framework/Versions/A/libLAPACK.dylib
0x00007fff4d353000 	/System/Library/Frameworks/Accelerate.framework/Versions/A/Frameworks/vecLib.framework/Versions/A/libBLAS.dylib
0x00007fff4d909000 	/System/Library/Frameworks/Accelerate.framework/Versions/A/Frameworks/vecLib.framework/Versions/A/libLinearAlgebra.dylib
0x00007fff4d926000 	/System/Library/Frameworks/Accelerate.framework/Versions/A/Frameworks/vecLib.framework/Versions/A/libSparse.dylib
0x00007fff4d9a7000 	/System/Library/Frameworks/Accelerate.framework/Versions/A/Frameworks/vecLib.framework/Versions/A/libSparseBLAS.dylib
0x00007fff69479000 	/System/Library/PrivateFrameworks/GPUWrangler.framework/Versions/A/GPUWrangler
0x00007fff6ac0a000 	/System/Library/PrivateFrameworks/IOAccelerator.framework/Versions/A/IOAccelerator
0x00007fff6ac15000 	/System/Library/PrivateFrameworks/IOPresentment.framework/Versions/A/IOPresentment
0x00007fff64caf000 	/System/Library/PrivateFrameworks/DSExternalDisplay.framework/Versions/A/DSExternalDisplay
0x00007fff5a328000 	/System/Library/Frameworks/OpenGL.framework/Versions/A/Libraries/libCoreFSCache.dylib
0x00007fff52579000 	/System/Library/Frameworks/CoreVideo.framework/Versions/A/CoreVideo
0x00007fff6a1f4000 	/System/Library/PrivateFrameworks/GraphVisualizer.framework/Versions/A/GraphVisualizer
0x00007fff55326000 	/System/Library/Frameworks/MetalPerformanceShaders.framework/Versions/A/MetalPerformanceShaders
0x00007fff7628e000 	/usr/lib/libFosl_dynamic.dylib
0x00007fff65d83000 	/System/Library/PrivateFrameworks/FaceCore.framework/Versions/A/FaceCore
0x00007fff59123000 	/System/Library/Frameworks/OpenCL.framework/Versions/A/OpenCL
0x00007fff76911000 	/usr/lib/libcompression.dylib
0x00007fff4ee89000 	/System/Library/Frameworks/ApplicationServices.framework/Versions/A/Frameworks/ATS.framework/Versions/A/Resources/libFontParser.dylib
0x00007fff4efac000 	/System/Library/Frameworks/ApplicationServices.framework/Versions/A/Frameworks/ATS.framework/Versions/A/Resources/libFontRegistry.dylib
0x00007fff534c3000 	/System/Library/Frameworks/ImageIO.framework/Versions/A/Resources/libJPEG.dylib
0x00007fff537ed000 	/System/Library/Frameworks/ImageIO.framework/Versions/A/Resources/libTIFF.dylib
0x00007fff537c3000 	/System/Library/Frameworks/ImageIO.framework/Versions/A/Resources/libPng.dylib
0x00007fff533d6000 	/System/Library/Frameworks/ImageIO.framework/Versions/A/Resources/libGIF.dylib
0x00007fff533db000 	/System/Library/Frameworks/ImageIO.framework/Versions/A/Resources/libJP2.dylib
0x00007fff537ea000 	/System/Library/Frameworks/ImageIO.framework/Versions/A/Resources/libRadiance.dylib
0x00007fff60cc3000 	/System/Library/PrivateFrameworks/AppleJPEG.framework/Versions/A/AppleJPEG
0x00007fff5518d000 	/System/Library/Frameworks/MetalPerformanceShaders.framework/Frameworks/MPSCore.framework/Versions/A/MPSCore
0x00007fff551a9000 	/System/Library/Frameworks/MetalPerformanceShaders.framework/Frameworks/MPSImage.framework/Versions/A/MPSImage
0x00007fff5523e000 	/System/Library/Frameworks/MetalPerformanceShaders.framework/Frameworks/MPSNeuralNetwork.framework/Versions/A/MPSNeuralNetwork
0x00007fff55219000 	/System/Library/Frameworks/MetalPerformanceShaders.framework/Frameworks/MPSMatrix.framework/Versions/A/MPSMatrix
0x00007fff6c10b000 	/System/Library/PrivateFrameworks/MetalTools.framework/Versions/A/MetalTools
0x00007fff5a4f3000 	/System/Library/Frameworks/OpenGL.framework/Versions/A/Libraries/libGLU.dylib
0x00007fff5a333000 	/System/Library/Frameworks/OpenGL.framework/Versions/A/Libraries/libGFXShared.dylib
0x00007fff5a33d000 	/System/Library/Frameworks/OpenGL.framework/Versions/A/Libraries/libGL.dylib
0x00007fff5a349000 	/System/Library/Frameworks/OpenGL.framework/Versions/A/Libraries/libGLImage.dylib
0x00007fff5a325000 	/System/Library/Frameworks/OpenGL.framework/Versions/A/Libraries/libCVMSPluginSupport.dylib
0x00007fff5a32e000 	/System/Library/Frameworks/OpenGL.framework/Versions/A/Libraries/libCoreVMClient.dylib
0x00007fff770be000 	/usr/lib/libcups.2.dylib
0x00007fff546f4000 	/System/Library/Frameworks/Kerberos.framework/Versions/A/Kerberos
0x00007fff52eb7000 	/System/Library/Frameworks/GSS.framework/Versions/A/GSS
0x00007fff781c5000 	/usr/lib/libresolv.9.dylib
0x00007fff772bc000 	/usr/lib/libiconv.2.dylib
0x00007fff6a286000 	/System/Library/PrivateFrameworks/Heimdal.framework/Versions/A/Heimdal
0x00007fff7728b000 	/usr/lib/libheimdal-asn1.dylib
0x00007fff5919b000 	/System/Library/Frameworks/OpenDirectory.framework/Versions/A/OpenDirectory
0x00007fff62fda000 	/System/Library/PrivateFrameworks/CommonAuth.framework/Versions/A/CommonAuth
0x00007fff5917e000 	/System/Library/Frameworks/OpenDirectory.framework/Versions/A/Frameworks/CFOpenDirectory.framework/Versions/A/CFOpenDirectory
0x00007fff5cab4000 	/System/Library/Frameworks/SecurityFoundation.framework/Versions/A/SecurityFoundation
0x00007fff5fe88000 	/System/Library/PrivateFrameworks/APFS.framework/Versions/A/APFS
0x00007fff785f4000 	/usr/lib/libutil.dylib
0x00007fff60d46000 	/System/Library/PrivateFrameworks/AppleSauce.framework/Versions/A/AppleSauce
0x00007fff6b3f2000 	/System/Library/PrivateFrameworks/LinguisticData.framework/Versions/A/LinguisticData
0x00007fff7763e000 	/usr/lib/libmarisa.dylib
0x00007fff6b3ac000 	/System/Library/PrivateFrameworks/Lexicon.framework/Versions/A/Lexicon
0x00007fff761b9000 	/usr/lib/libChineseTokenizer.dylib
0x00007fff76900000 	/usr/lib/libcmph.dylib
0x00007fff6b2b6000 	/System/Library/PrivateFrameworks/LanguageModeling.framework/Versions/A/LanguageModeling
0x00007fff63af7000 	/System/Library/PrivateFrameworks/CoreEmoji.framework/Versions/A/CoreEmoji
0x00007fff5cb72000 	/System/Library/Frameworks/ServiceManagement.framework/Versions/A/ServiceManagement
0x00007fff61591000 	/System/Library/PrivateFrameworks/BackgroundTaskManagement.framework/Versions/A/BackgroundTaskManagement
0x00007fff786f1000 	/usr/lib/libxslt.1.dylib
0x00007fff4ff4a000 	/System/Library/Frameworks/Carbon.framework/Versions/A/Frameworks/Ink.framework/Versions/A/Ink
0x00007fff74490000 	/System/Library/PrivateFrameworks/TextureIO.framework/Versions/A/TextureIO
0x00007fff766a3000 	/usr/lib/libate.dylib
0x00007fff64c0e000 	/System/Library/PrivateFrameworks/CrashReporterSupport.framework/Versions/A/CrashReporterSupport
0x00007fff717cc000 	/System/Library/PrivateFrameworks/Sharing.framework/Versions/A/Sharing
0x00007fff6aff7000 	/System/Library/PrivateFrameworks/IconServices.framework/Versions/A/IconServices
0x00007fff611c1000 	/System/Library/PrivateFrameworks/AuthKit.framework/Versions/A/AuthKit
0x00007fff60b46000 	/System/Library/PrivateFrameworks/Apple80211.framework/Versions/A/Apple80211
0x00007fff64a23000 	/System/Library/PrivateFrameworks/CoreUtils.framework/Versions/A/CoreUtils
0x00007fff525b4000 	/System/Library/Frameworks/CoreWLAN.framework/Versions/A/CoreWLAN
0x00007fff52ff9000 	/System/Library/Frameworks/IOBluetooth.framework/Versions/A/IOBluetooth
0x00007fff6fc95000 	/System/Library/PrivateFrameworks/ProtocolBuffer.framework/Versions/A/ProtocolBuffer
0x00007fff6c2f0000 	/System/Library/PrivateFrameworks/MobileKeyBag.framework/Versions/A/MobileKeyBag
0x00007fff6429b000 	/System/Library/PrivateFrameworks/CorePhoneNumbers.framework/Versions/A/CorePhoneNumbers
0x00007fff60c7e000 	/System/Library/PrivateFrameworks/AppleIDAuthSupport.framework/Versions/A/AppleIDAuthSupport
0x00007fff6b2a2000 	/System/Library/PrivateFrameworks/KeychainCircle.framework/Versions/A/KeychainCircle
0x00007fff64ba9000 	/System/Library/PrivateFrameworks/CoreWiFi.framework/Versions/A/CoreWiFi
0x00007fff50495000 	/System/Library/Frameworks/CoreBluetooth.framework/Versions/A/CoreBluetooth
0x00007fff64df9000 	/System/Library/PrivateFrameworks/DebugSymbols.framework/Versions/A/DebugSymbols
0x00007fff647d9000 	/System/Library/PrivateFrameworks/CoreSymbolication.framework/Versions/A/CoreSymbolication
0x00007fff73c82000 	/System/Library/PrivateFrameworks/Symbolication.framework/Versions/A/Symbolication
0x00007fff60b70000 	/System/Library/PrivateFrameworks/AppleFSCompression.framework/Versions/A/AppleFSCompression
0x00007fff730cf000 	/System/Library/PrivateFrameworks/SpeechRecognitionCore.framework/Versions/A/SpeechRecognitionCore
0x0000000101e00000 	/Library/Java/JavaVirtualMachines/jdk1.8.0_261.jdk/Contents/Home/jre/lib/server/libjvm.dylib
0x0000000102c0c000 	/Library/Java/JavaVirtualMachines/jdk1.8.0_261.jdk/Contents/Home/jre/lib/libverify.dylib
0x0000000102c1d000 	/Library/Java/JavaVirtualMachines/jdk1.8.0_261.jdk/Contents/Home/jre/lib/libjava.dylib
0x0000000102c98000 	/Library/Java/JavaVirtualMachines/jdk1.8.0_261.jdk/Contents/Home/jre/lib/libzip.dylib

VM Arguments:
jvm_args: -Dfile.encoding=UTF-8 
java_command: org.eclipse.emf.mwe2.launch.runtime.Mwe2Launcher src/scheduling/GenerateDsl.mwe2
java_class_path (initial): /Volumes/DATA/_Project/ESSpin1/schedulingDSL.parent/schedulingDSL/target/classes:/private/var/folders/4m/dz6tnlcn76n2bgkg_h52ht140000gn/T/AppTranslocation/422D48A1-9B68-478A-96C1-A59D82E4AB6B/d/Eclipse code.app/Contents/Eclipse/plugins/org.eclipse.xtext_2.10.0.v201605250459.jar:/private/var/folders/4m/dz6tnlcn76n2bgkg_h52ht140000gn/T/AppTranslocation/422D48A1-9B68-478A-96C1-A59D82E4AB6B/d/Eclipse code.app/Contents/Eclipse/plugins/org.eclipse.emf.ecore.xmi_2.12.0.v20160420-0247.jar:/private/var/folders/4m/dz6tnlcn76n2bgkg_h52ht140000gn/T/AppTranslocation/422D48A1-9B68-478A-96C1-A59D82E4AB6B/d/Eclipse code.app/Contents/Eclipse/plugins/org.eclipse.emf.ecore_2.12.0.v20160420-0247.jar:/private/var/folders/4m/dz6tnlcn76n2bgkg_h52ht140000gn/T/AppTranslocation/422D48A1-9B68-478A-96C1-A59D82E4AB6B/d/Eclipse code.app/Contents/Eclipse/plugins/org.eclipse.emf.common_2.12.0.v20160420-0247.jar:/private/var/folders/4m/dz6tnlcn76n2bgkg_h52ht140000gn/T/AppTranslocation/422D48A1-9B68-478A-96C1-A59D82E4AB6B/d/Eclipse code.app/Contents/Eclipse/plugins/org.antlr.runtime_3.2.0.v201101311130.jar:/private/var/folders/4m/dz6tnlcn76n2bgkg_h52ht140000gn/T/AppTranslocation/422D48A1-9B68-478A-96C1-A59D82E4AB6B/d/Eclipse code.app/Contents/Eclipse/plugins/com.google.inject_3.0.0.v201605172100.jar:/private/var/folders/4m/dz6tnlcn76n2bgkg_h52ht140000gn/T/AppTranslocation/422D48A1-9B68-478A-96C1-A59D82E4AB6B/d/Eclipse code.app/Contents/Eclipse/plugins/org.eclipse.emf.mwe.core_1.3.20.v201605261103.jar:/private/var/folders/4m/dz6tnlcn76n2bgkg_h52ht140000gn/T/AppTranslocation/422D48A1-9B68-478A-96C1-A59D82E4AB6B/d/Eclipse code.app/Contents/Eclipse/plugins/org.apache.commons.cli_1.2.0.v201404270220.jar:/private/var/folders/4m/dz6tnlcn76n2bgkg_h52ht140000gn/T/AppTranslocation/422D48A1-9B68-478A-96C1-A59D82E4AB6B/d/Eclipse code.app/Contents/Eclipse/plugins/org.eclipse.emf.mwe2.runtime_2.9.0.v201605261103.jar:/private/var/folders/4m/dz6tnlcn76n2bgkg_h52ht140000gn/T/AppTransloca
Launcher Type: SUN_STANDARD

Environment Variables:
PATH=/usr/bin:/bin:/usr/sbin:/sbin
SHELL=/bin/bash

Signal Handlers:
SIGSEGV: [libjvm.dylib+0x5a009b], sa_mask[0]=11111111011111110111111111111111, sa_flags=SA_ONSTACK|SA_RESTART|SA_SIGINFO
SIGBUS: [libjvm.dylib+0x5a009b], sa_mask[0]=11111111011111110111111111111111, sa_flags=SA_RESTART|SA_SIGINFO
SIGFPE: [libjvm.dylib+0x490c6d], sa_mask[0]=11111111011111110111111111111111, sa_flags=SA_RESTART|SA_SIGINFO
SIGPIPE: [libjvm.dylib+0x490c6d], sa_mask[0]=11111111011111110111111111111111, sa_flags=SA_RESTART|SA_SIGINFO
SIGXFSZ: [libjvm.dylib+0x490c6d], sa_mask[0]=11111111011111110111111111111111, sa_flags=SA_RESTART|SA_SIGINFO
SIGILL: [libjvm.dylib+0x490c6d], sa_mask[0]=11111111011111110111111111111111, sa_flags=SA_RESTART|SA_SIGINFO
SIGUSR1: SIG_DFL, sa_mask[0]=00000000000000000000000000000000, sa_flags=none
SIGUSR2: [libjvm.dylib+0x491566], sa_mask[0]=00100000000000000000000000000000, sa_flags=SA_RESTART|SA_SIGINFO
SIGHUP: [libjvm.dylib+0x48f775], sa_mask[0]=11111111011111110111111111111111, sa_flags=SA_RESTART|SA_SIGINFO
SIGINT: [libjvm.dylib+0x48f775], sa_mask[0]=11111111011111110111111111111111, sa_flags=SA_RESTART|SA_SIGINFO
SIGTERM: [libjvm.dylib+0x48f775], sa_mask[0]=11111111011111110111111111111111, sa_flags=SA_RESTART|SA_SIGINFO
SIGQUIT: [libjvm.dylib+0x48f775], sa_mask[0]=11111111011111110111111111111111, sa_flags=SA_RESTART|SA_SIGINFO


---------------  S Y S T E M  ---------------

OS:Bsduname:Darwin 17.7.0 Darwin Kernel Version 17.7.0: Fri Jul  6 19:54:51 PDT 2018; root:xnu-4570.71.3~2/RELEASE_X86_64 x86_64
rlimit: STACK 8192k, CORE 0k, NPROC 709, NOFILE 10240, AS infinity
load average:5.61 4.65 3.46

CPU:total 8 (initial active 8) (4 cores per cpu, 2 threads per core) family 6 model 42 stepping 7, cmov, cx8, fxsr, mmx, sse, sse2, sse3, ssse3, sse4.1, sse4.2, popcnt, avx, aes, clmul, ht, tsc, tscinvbit

Memory: 4k page, physical 8388608k(21536k free)

/proc/meminfo:


vm_info: Java HotSpot(TM) 64-Bit Server VM (25.261-b12) for bsd-amd64 JRE (1.8.0_261-b12), built on Jun 18 2020 06:38:55 by "java_re" with gcc 4.2.1 Compatible Apple LLVM 10.0.0 (clang-1000.11.45.5)

time: Wed Apr  7 17:42:48 2021
timezone: +07
elapsed time: 65 seconds (0d 0h 1m 5s)

